#
# A fatal error has been detected by the Java Runtime Environment:
#
#  EXCEPTION_ACCESS_VIOLATION (0xc0000005) at pc=0x000000007710b7b0, pid=9716, tid=0x00000000000035cc
#
# JRE version: OpenJDK Runtime Environment (8.0_242-b01) (build 1.8.0_242-release-1644-b01)
# Java VM: OpenJDK 64-Bit Server VM (25.242-b01 mixed mode windows-amd64 compressed oops)
# Problematic frame:
# V  [jvm.dll+0x8b7b0]
#
# Failed to write core dump. Minidumps are not enabled by default on client versions of Windows
#
# If you would like to submit a bug report, please visit:
#   
#

---------------  T H R E A D  ---------------

Current thread (0x0000000003549000):  GCTaskThread [stack: 0x00000000131b0000,0x00000000132b0000] [id=13772]

siginfo: ExceptionCode=0xc0000005, reading address 0x0000000103d1f2e8

Registers:
RAX=0x0000000000000001, RBX=0x00000000e5e62008, RCX=0x00000000e5e62008, RDX=0x0000000103d1f2e0
RSP=0x00000000132af478, RBP=0x0000000012a0ed01, RSI=0x0000000018214500, RDI=0x0000000083da0008
R8 =0x0000000018214500, R9 =0x000000000000001b, R10=0x0000000000000008, R11=0x00000000ea58dbb8
R12=0x0000000012a0ec81, R13=0x000000000000001d, R14=0x0000000000000000, R15=0x000000000353e920
RIP=0x000000007710b7b0, EFLAGS=0x0000000000010202

Top of Stack: (sp=0x00000000132af478)
0x00000000132af478:   00000000774527b2 00000000e5e61fe8
0x00000000132af488:   0000000000000004 0000000018214500
0x00000000132af498:   00000000e8a919d0 00000000ea585bc8
0x00000000132af4a8:   0000000000001000 0000000018214500
0x00000000132af4b8:   000000007716e3a3 0000000000000000
0x00000000132af4c8:   0000000018214500 0000000012a0ec81
0x00000000132af4d8:   0000000077452b20 00000000ea58babc
0x00000000132af4e8:   0000000012a0ed01 0000000018214500
0x00000000132af4f8:   0000000083da0008 00000000ea58babc
0x00000000132af508:   00000000774536c5 00000000e5c5f5a0
0x00000000132af518:   0000000012a0bd01 0000000018214500
0x00000000132af528:   0000000000000004 0000000018214500
0x00000000132af538:   000000007714785a 00000000835d61c4
0x00000000132af548:   000000007716fdb0 0000000018214500
0x00000000132af558:   000000007716e3a3 0000000083d9ea79
0x00000000132af568:   0000000083d9ea79 0000000083d9ffb8 

Instructions: (pc=0x000000007710b7b0)
0x000000007710b790:   1c 8f 1d 00 48 8b 9c 24 c0 00 00 00 48 81 c4 b0
0x000000007710b7a0:   00 00 00 5d c3 cc cc cc cc cc cc cc cc cc cc cc
0x000000007710b7b0:   44 8b 42 08 4c 8b ca 45 85 c0 7e 0e 41 f6 c0 01
0x000000007710b7c0:   75 57 41 c1 f8 03 41 8b c0 c3 79 4d 80 3d 7e 97 


Register to memory mapping:

RAX=0x0000000000000001 is an unknown value
RBX=0x00000000e5e62008 is an oop

[error occurred during error reporting (printing register info), id 0xc0000005]

Stack: [0x00000000131b0000,0x00000000132b0000],  sp=0x00000000132af478,  free space=1021k
Native frames: (J=compiled Java code, j=interpreted, Vv=VM code, C=native code)
V  [jvm.dll+0x8b7b0]


---------------  P R O C E S S  ---------------

Java Threads: ( => current thread )
  0x000000001b0f2000 JavaThread "Cache worker for file hash cache (E:\2020studio\2018118145_Android\chap2\FirstActivity\.gradle\6.1.1\fileHashes)" [_thread_blocked, id=8356, stack(0x0000000021220000,0x0000000021320000)]
  0x000000001b0e7000 JavaThread "Cache worker for checksums cache (E:\2020studio\2018118145_Android\chap2\FirstActivity\.gradle\checksums)" [_thread_blocked, id=12964, stack(0x000000001d540000,0x000000001d640000)]
  0x000000001b0eb800 JavaThread "Thread-202" [_thread_blocked, id=14188, stack(0x000000001d240000,0x000000001d340000)]
  0x000000001b0e9000 JavaThread "Stdin handler" [_thread_blocked, id=12988, stack(0x000000001d140000,0x000000001d240000)]
  0x000000001b0e8800 JavaThread "Asynchronous log dispatcher for DefaultDaemonConnection: socket connection from /127.0.0.1:62970 to /127.0.0.1:64436" [_thread_blocked, id=9668, stack(0x000000001ce40000,0x000000001cf40000)]
  0x000000001b0e7800 JavaThread "Daemon worker Thread 6" [_thread_blocked, id=12664, stack(0x000000001cd40000,0x000000001ce40000)]
  0x000000001b0ec000 JavaThread "Cancel handler" [_thread_blocked, id=8400, stack(0x0000000001620000,0x0000000001720000)]
  0x000000001b0ea800 JavaThread "Handler for socket connection from /127.0.0.1:62970 to /127.0.0.1:64436" [_thread_blocked, id=9808, stack(0x0000000001520000,0x0000000001620000)]
  0x000000001b0ea000 JavaThread "Daemon Thread 6" [_thread_blocked, id=11848, stack(0x0000000001420000,0x0000000001520000)]
  0x000000001c73f000 JavaThread "Cache worker for Java compile cache (C:\Users\zpw\.gradle\caches\6.1.1\javaCompile)" [_thread_blocked, id=11828, stack(0x0000000029170000,0x0000000029270000)]
  0x000000001b0ed800 JavaThread "MarlinRenderer Disposer" daemon [_thread_blocked, id=14008, stack(0x0000000028470000,0x0000000028570000)]
  0x000000001bc25000 JavaThread "Java2D Disposer" daemon [_thread_blocked, id=3748, stack(0x0000000028170000,0x0000000028270000)]
  0x000000001fc5b800 JavaThread "Cache worker for file content cache (C:\Users\zpw\.gradle\caches\6.1.1\fileContent)" [_thread_blocked, id=13620, stack(0x0000000027370000,0x0000000027470000)]
  0x000000001fc59000 JavaThread "Memory manager" [_thread_blocked, id=13556, stack(0x0000000027070000,0x0000000027170000)]
  0x000000001bc2a800 JavaThread "Cache worker for execution history cache (C:\Users\zpw\.gradle\caches\6.1.1\executionHistory)" [_thread_blocked, id=1464, stack(0x0000000021420000,0x0000000021520000)]
  0x000000001bc24800 JavaThread "Cache worker for file hash cache (C:\Users\zpw\.gradle\caches\6.1.1\fileHashes)" [_thread_blocked, id=11600, stack(0x000000001da40000,0x000000001db40000)]
  0x000000001bc26800 JavaThread "File lock request listener" [_thread_in_native, id=4900, stack(0x000000001d940000,0x000000001da40000)]
  0x000000001a32c000 JavaThread "Cache worker for journal cache (C:\Users\zpw\.gradle\caches\journal-1)" [_thread_blocked, id=5448, stack(0x000000001d840000,0x000000001d940000)]
  0x000000001baf4800 JavaThread "Daemon periodic checks" [_thread_blocked, id=1144, stack(0x000000001cc40000,0x000000001cd40000)]
  0x000000001badc000 JavaThread "Incoming local TCP Connector on port 62970" [_thread_in_native, id=14192, stack(0x000000001cb40000,0x000000001cc40000)]
  0x000000001bab7000 JavaThread "Daemon health stats" [_thread_blocked, id=10304, stack(0x000000001ca40000,0x000000001cb40000)]
  0x0000000019622000 JavaThread "Service Thread" daemon [_thread_blocked, id=5836, stack(0x0000000019ea0000,0x0000000019fa0000)]
  0x00000000182ab000 JavaThread "C1 CompilerThread2" daemon [_thread_blocked, id=2008, stack(0x0000000019da0000,0x0000000019ea0000)]
  0x0000000018260800 JavaThread "C2 CompilerThread1" daemon [_thread_blocked, id=5240, stack(0x0000000019ca0000,0x0000000019da0000)]
  0x000000001825b800 JavaThread "C2 CompilerThread0" daemon [_thread_blocked, id=2372, stack(0x0000000019ba0000,0x0000000019ca0000)]
  0x00000000182a8800 JavaThread "Attach Listener" daemon [_thread_blocked, id=10356, stack(0x0000000019aa0000,0x0000000019ba0000)]
  0x0000000018247800 JavaThread "Signal Dispatcher" daemon [_thread_blocked, id=10392, stack(0x00000000199a0000,0x0000000019aa0000)]
  0x000000000362a000 JavaThread "Finalizer" daemon [_thread_blocked, id=2936, stack(0x00000000194a0000,0x00000000195a0000)]
  0x0000000003621000 JavaThread "Reference Handler" daemon [_thread_blocked, id=5676, stack(0x00000000193a0000,0x00000000194a0000)]
  0x000000000181e000 JavaThread "main" [_thread_blocked, id=13236, stack(0x0000000003010000,0x0000000003110000)]

Other Threads:
  0x0000000018217000 VMThread [stack: 0x00000000192a0000,0x00000000193a0000] [id=7788]
  0x000000001962b000 WatcherThread [stack: 0x0000000019fa0000,0x000000001a0a0000] [id=9948]

=>0x0000000003549000 (exited) GCTaskThread [stack: 0x00000000131b0000,0x00000000132b0000] [id=13772]

VM state:at safepoint (normal execution)

VM Mutex/Monitor currently owned by a thread:  ([mutex/lock_event])
[0x000000000181d320] Threads_lock - owner thread: 0x0000000018217000
[0x000000000181d0a0] Heap_lock - owner thread: 0x000000001b0f2000

heap address: 0x0000000080000000, size: 2048 MB, Compressed Oops mode: 32-bit
Narrow klass base: 0x0000000000000000, Narrow klass shift: 3
Compressed class space size: 1073741824 Address: 0x0000000100000000

Heap:
 PSYoungGen      total 293888K, used 285548K [0x00000000d5580000, 0x00000000ec180000, 0x0000000100000000)
  eden space 254976K, 100% used [0x00000000d5580000,0x00000000e4e80000,0x00000000e4e80000)
  from space 38912K, 78% used [0x00000000e4e80000,0x00000000e6c5b358,0x00000000e7480000)
  to   space 41472K, 34% used [0x00000000e9900000,0x00000000ea6f3bf8,0x00000000ec180000)
 ParOldGen       total 259584K, used 72050K [0x0000000080000000, 0x000000008fd80000, 0x00000000d5580000)
  object space 259584K, 27% used [0x0000000080000000,0x000000008465c9a0,0x000000008fd80000)
 Metaspace       used 108250K, capacity 114684K, committed 114856K, reserved 1148928K
  class space    used 14074K, capacity 15276K, committed 15280K, reserved 1048576K

Card table byte_map: [0x00000000129f0000,0x0000000012e00000] byte_map_base: 0x00000000125f0000

Marking Bits: (ParMarkBitMap*) 0x000000007784f030
 Begin Bits: [0x00000000134b0000, 0x00000000154b0000)
 End Bits:   [0x00000000154b0000, 0x00000000174b0000)

Polling page: 0x0000000001310000

CodeCache: size=245760Kb used=56163Kb max_used=56166Kb free=189596Kb
 bounds [0x0000000003630000, 0x0000000006d60000, 0x0000000012630000]
 total_blobs=18113 nmethods=17085 adapters=938
 compilation: enabled

Compilation events (10 events):
Event: 3861.954 Thread 0x00000000182ab000 21256       3       org.gradle.launcher.daemon.context.DaemonCompatibilitySpec::priorityMatches (24 bytes)
Event: 3861.955 Thread 0x00000000182ab000 nmethod 21256 0x0000000006d55d90 code [0x0000000006d55f00, 0x0000000006d56170]
Event: 3871.944 Thread 0x000000001825b800 21257       4       java.lang.Long::stringSize (38 bytes)
Event: 3871.948 Thread 0x000000001825b800 nmethod 21257 0x0000000006d1e150 code [0x0000000006d1e280, 0x0000000006d1e3f8]
Event: 3941.944 Thread 0x00000000182ab000 21258       3       org.gradle.launcher.daemon.server.NotMostRecentlyUsedDaemonExpirationStrategy::isMostRecentlyUsed (85 bytes)
Event: 3941.946 Thread 0x00000000182ab000 nmethod 21258 0x0000000006d57b90 code [0x0000000006d57dc0, 0x0000000006d589d8]
Event: 3967.593 Thread 0x00000000182ab000 21259       3       org.gradle.internal.logging.slf4j.OutputEventListenerBackedLogger::log (17 bytes)
Event: 3967.593 Thread 0x00000000182ab000 nmethod 21259 0x0000000006d57590 code [0x0000000006d57700, 0x0000000006d57a48]
Event: 3967.603 Thread 0x00000000182ab000 21260       3       com.google.common.collect.MapMakerInternalMap$Segment::newEntryArray (9 bytes)
Event: 3967.604 Thread 0x00000000182ab000 nmethod 21260 0x0000000006d56fd0 code [0x0000000006d57140, 0x0000000006d57450]

GC Heap History (10 events):
Event: 491.885 GC heap after
Heap after GC invocations=21 (full 3):
 PSYoungGen      total 247296K, used 12690K [0x00000000d5580000, 0x00000000e6e00000, 0x0000000100000000)
  eden space 219136K, 0% used [0x00000000d5580000,0x00000000d5580000,0x00000000e2b80000)
  from space 28160K, 45% used [0x00000000e4600000,0x00000000e5264a98,0x00000000e6180000)
  to   space 27136K, 0% used [0x00000000e2b80000,0x00000000e2b80000,0x00000000e4600000)
 ParOldGen       total 180736K, used 61418K [0x0000000080000000, 0x000000008b080000, 0x00000000d5580000)
  object space 180736K, 33% used [0x0000000080000000,0x0000000083bfa938,0x000000008b080000)
 Metaspace       used 94016K, capacity 98472K, committed 98600K, reserved 1134592K
  class space    used 12200K, capacity 13084K, committed 13104K, reserved 1048576K
}
Event: 491.885 GC heap before
{Heap before GC invocations=22 (full 4):
 PSYoungGen      total 247296K, used 12690K [0x00000000d5580000, 0x00000000e6e00000, 0x0000000100000000)
  eden space 219136K, 0% used [0x00000000d5580000,0x00000000d5580000,0x00000000e2b80000)
  from space 28160K, 45% used [0x00000000e4600000,0x00000000e5264a98,0x00000000e6180000)
  to   space 27136K, 0% used [0x00000000e2b80000,0x00000000e2b80000,0x00000000e4600000)
 ParOldGen       total 180736K, used 61418K [0x0000000080000000, 0x000000008b080000, 0x00000000d5580000)
  object space 180736K, 33% used [0x0000000080000000,0x0000000083bfa938,0x000000008b080000)
 Metaspace       used 94016K, capacity 98472K, committed 98600K, reserved 1134592K
  class space    used 12200K, capacity 13084K, committed 13104K, reserved 1048576K
Event: 492.118 GC heap after
Heap after GC invocations=22 (full 4):
 PSYoungGen      total 247296K, used 0K [0x00000000d5580000, 0x00000000e6e00000, 0x0000000100000000)
  eden space 219136K, 0% used [0x00000000d5580000,0x00000000d5580000,0x00000000e2b80000)
  from space 28160K, 0% used [0x00000000e4600000,0x00000000e4600000,0x00000000e6180000)
  to   space 27136K, 0% used [0x00000000e2b80000,0x00000000e2b80000,0x00000000e4600000)
 ParOldGen       total 259584K, used 57628K [0x0000000080000000, 0x000000008fd80000, 0x00000000d5580000)
  object space 259584K, 22% used [0x0000000080000000,0x00000000838472c8,0x000000008fd80000)
 Metaspace       used 93937K, capacity 98244K, committed 98600K, reserved 1134592K
  class space    used 12174K, capacity 13038K, committed 13104K, reserved 1048576K
}
Event: 495.203 GC heap before
{Heap before GC invocations=23 (full 4):
 PSYoungGen      total 247296K, used 219136K [0x00000000d5580000, 0x00000000e6e00000, 0x0000000100000000)
  eden space 219136K, 100% used [0x00000000d5580000,0x00000000e2b80000,0x00000000e2b80000)
  from space 28160K, 0% used [0x00000000e4600000,0x00000000e4600000,0x00000000e6180000)
  to   space 27136K, 0% used [0x00000000e2b80000,0x00000000e2b80000,0x00000000e4600000)
 ParOldGen       total 259584K, used 57628K [0x0000000080000000, 0x000000008fd80000, 0x00000000d5580000)
  object space 259584K, 22% used [0x0000000080000000,0x00000000838472c8,0x000000008fd80000)
 Metaspace       used 104641K, capacity 110080K, committed 110248K, reserved 1144832K
  class space    used 13662K, capacity 14698K, committed 14768K, reserved 1048576K
Event: 495.265 GC heap after
Heap after GC invocations=23 (full 4):
 PSYoungGen      total 246272K, used 27112K [0x00000000d5580000, 0x00000000e9900000, 0x0000000100000000)
  eden space 219136K, 0% used [0x00000000d5580000,0x00000000d5580000,0x00000000e2b80000)
  from space 27136K, 99% used [0x00000000e2b80000,0x00000000e45fa110,0x00000000e4600000)
  to   space 35840K, 0% used [0x00000000e7600000,0x00000000e7600000,0x00000000e9900000)
 ParOldGen       total 259584K, used 72034K [0x0000000080000000, 0x000000008fd80000, 0x00000000d5580000)
  object space 259584K, 27% used [0x0000000080000000,0x00000000846589a0,0x000000008fd80000)
 Metaspace       used 104641K, capacity 110080K, committed 110248K, reserved 1144832K
  class space    used 13662K, capacity 14698K, committed 14768K, reserved 1048576K
}
Event: 507.208 GC heap before
{Heap before GC invocations=24 (full 4):
 PSYoungGen      total 246272K, used 246248K [0x00000000d5580000, 0x00000000e9900000, 0x0000000100000000)
  eden space 219136K, 100% used [0x00000000d5580000,0x00000000e2b80000,0x00000000e2b80000)
  from space 27136K, 99% used [0x00000000e2b80000,0x00000000e45fa110,0x00000000e4600000)
  to   space 35840K, 0% used [0x00000000e7600000,0x00000000e7600000,0x00000000e9900000)
 ParOldGen       total 259584K, used 72034K [0x0000000080000000, 0x000000008fd80000, 0x00000000d5580000)
  object space 259584K, 27% used [0x0000000080000000,0x00000000846589a0,0x000000008fd80000)
 Metaspace       used 106334K, capacity 112044K, committed 112296K, reserved 1146880K
  class space    used 13864K, capacity 14990K, committed 15024K, reserved 1048576K
Event: 507.253 GC heap after
Heap after GC invocations=24 (full 4):
 PSYoungGen      total 290816K, used 29798K [0x00000000d5580000, 0x00000000e9a80000, 0x0000000100000000)
  eden space 254976K, 0% used [0x00000000d5580000,0x00000000d5580000,0x00000000e4e80000)
  from space 35840K, 83% used [0x00000000e7600000,0x00000000e9319840,0x00000000e9900000)
  to   space 38912K, 0% used [0x00000000e4e80000,0x00000000e4e80000,0x00000000e7480000)
 ParOldGen       total 259584K, used 72042K [0x0000000080000000, 0x000000008fd80000, 0x00000000d5580000)
  object space 259584K, 27% used [0x0000000080000000,0x000000008465a9a0,0x000000008fd80000)
 Metaspace       used 106334K, capacity 112044K, committed 112296K, reserved 1146880K
  class space    used 13864K, capacity 14990K, committed 15024K, reserved 1048576K
}
Event: 657.113 GC heap before
{Heap before GC invocations=25 (full 4):
 PSYoungGen      total 290816K, used 284624K [0x00000000d5580000, 0x00000000e9a80000, 0x0000000100000000)
  eden space 254976K, 99% used [0x00000000d5580000,0x00000000e4e5aa20,0x00000000e4e80000)
  from space 35840K, 83% used [0x00000000e7600000,0x00000000e9319840,0x00000000e9900000)
  to   space 38912K, 0% used [0x00000000e4e80000,0x00000000e4e80000,0x00000000e7480000)
 ParOldGen       total 259584K, used 72042K [0x0000000080000000, 0x000000008fd80000, 0x00000000d5580000)
  object space 259584K, 27% used [0x0000000080000000,0x000000008465a9a0,0x000000008fd80000)
 Metaspace       used 107472K, capacity 113526K, committed 113832K, reserved 1148928K
  class space    used 14002K, capacity 15159K, committed 15280K, reserved 1048576K
Event: 657.191 GC heap after
Heap after GC invocations=25 (full 4):
 PSYoungGen      total 293888K, used 30572K [0x00000000d5580000, 0x00000000ec180000, 0x0000000100000000)
  eden space 254976K, 0% used [0x00000000d5580000,0x00000000d5580000,0x00000000e4e80000)
  from space 38912K, 78% used [0x00000000e4e80000,0x00000000e6c5b358,0x00000000e7480000)
  to   space 41472K, 0% used [0x00000000e9900000,0x00000000e9900000,0x00000000ec180000)
 ParOldGen       total 259584K, used 72050K [0x0000000080000000, 0x000000008fd80000, 0x00000000d5580000)
  object space 259584K, 27% used [0x0000000080000000,0x000000008465c9a0,0x000000008fd80000)
 Metaspace       used 107472K, capacity 113526K, committed 113832K, reserved 1148928K
  class space    used 14002K, capacity 15159K, committed 15280K, reserved 1048576K
}
Event: 3967.622 GC heap before
{Heap before GC invocations=26 (full 4):
 PSYoungGen      total 293888K, used 285548K [0x00000000d5580000, 0x00000000ec180000, 0x0000000100000000)
  eden space 254976K, 100% used [0x00000000d5580000,0x00000000e4e80000,0x00000000e4e80000)
  from space 38912K, 78% used [0x00000000e4e80000,0x00000000e6c5b358,0x00000000e7480000)
  to   space 41472K, 0% used [0x00000000e9900000,0x00000000e9900000,0x00000000ec180000)
 ParOldGen       total 259584K, used 72050K [0x0000000080000000, 0x000000008fd80000, 0x00000000d5580000)
  object space 259584K, 27% used [0x0000000080000000,0x000000008465c9a0,0x000000008fd80000)
 Metaspace       used 108250K, capacity 114684K, committed 114856K, reserved 1148928K
  class space    used 14074K, capacity 15276K, committed 15280K, reserved 1048576K

Deoptimization events (10 events):
Event: 693.796 Thread 0x000000001b0f5000 Uncommon trap: reason=speculate_class_check action=maybe_recompile pc=0x00000000048d4b4c method=com.sun.org.apache.xerces.internal.dom.ElementNSImpl.getLocalName()Ljava/lang/String; @ 8
Event: 693.796 Thread 0x000000001b0f5000 Uncommon trap: reason=speculate_class_check action=maybe_recompile pc=0x00000000048d4b4c method=com.sun.org.apache.xerces.internal.dom.ElementNSImpl.getLocalName()Ljava/lang/String; @ 8
Event: 693.796 Thread 0x000000001b0f5000 Uncommon trap: reason=speculate_class_check action=maybe_recompile pc=0x00000000048d4b4c method=com.sun.org.apache.xerces.internal.dom.ElementNSImpl.getLocalName()Ljava/lang/String; @ 8
Event: 693.796 Thread 0x000000001b0f5000 Uncommon trap: reason=speculate_class_check action=maybe_recompile pc=0x00000000048d4b4c method=com.sun.org.apache.xerces.internal.dom.ElementNSImpl.getLocalName()Ljava/lang/String; @ 8
Event: 694.213 Thread 0x000000001b0f5000 Uncommon trap: reason=class_check action=maybe_recompile pc=0x0000000006c243ec method=com.google.common.collect.Iterators$ConcatenatedIterator.hasNext()Z @ 7
Event: 694.213 Thread 0x000000001b0f5000 Uncommon trap: reason=class_check action=maybe_recompile pc=0x0000000006c243ec method=com.google.common.collect.Iterators$ConcatenatedIterator.hasNext()Z @ 7
Event: 694.213 Thread 0x000000001b0f5000 Uncommon trap: reason=class_check action=maybe_recompile pc=0x0000000006c243ec method=com.google.common.collect.Iterators$ConcatenatedIterator.hasNext()Z @ 7
Event: 695.162 Thread 0x000000001b0f5000 Uncommon trap: reason=class_check action=maybe_recompile pc=0x0000000006c243ec method=com.google.common.collect.Iterators$ConcatenatedIterator.hasNext()Z @ 7
Event: 1055.382 Thread 0x000000002637a000 Uncommon trap: reason=class_check action=maybe_recompile pc=0x0000000005cc10dc method=org.gradle.internal.snapshot.SnapshotUtil.getMetadataFromChildren(Ljava/util/List;Lorg/gradle/internal/snapshot/VfsRelativePath;Lorg/gradle/internal/snapshot/CaseSensiti
Event: 1055.530 Thread 0x000000002636f800 Uncommon trap: reason=unstable_if action=reinterpret pc=0x0000000006698f14 method=java.util.concurrent.ConcurrentLinkedQueue.offer(Ljava/lang/Object;)Z @ 72

Classes redefined (0 events):
No events

Internal exceptions (10 events):
Event: 1055.418 Thread 0x000000002637a000 Exception <a 'sun/nio/fs/WindowsException'> (0x00000000e28b10f0) thrown at [C:\src\AOSP-openjdk-git\hotspot\src\share\vm\prims\jni.cpp, line 710]
Event: 1055.418 Thread 0x000000002637a000 Exception <a 'sun/nio/fs/WindowsException'> (0x00000000e28b1d48) thrown at [C:\src\AOSP-openjdk-git\hotspot\src\share\vm\prims\jni.cpp, line 710]
Event: 1055.418 Thread 0x000000002637a000 Exception <a 'sun/nio/fs/WindowsException'> (0x00000000e28b2a28) thrown at [C:\src\AOSP-openjdk-git\hotspot\src\share\vm\prims\jni.cpp, line 710]
Event: 1055.419 Thread 0x000000002637a000 Exception <a 'sun/nio/fs/WindowsException'> (0x00000000e28b65f8) thrown at [C:\src\AOSP-openjdk-git\hotspot\src\share\vm\prims\jni.cpp, line 710]
Event: 1055.419 Thread 0x000000002637a000 Exception <a 'sun/nio/fs/WindowsException'> (0x00000000e28b7290) thrown at [C:\src\AOSP-openjdk-git\hotspot\src\share\vm\prims\jni.cpp, line 710]
Event: 1055.419 Thread 0x000000002637a000 Exception <a 'sun/nio/fs/WindowsException'> (0x00000000e28b7fb0) thrown at [C:\src\AOSP-openjdk-git\hotspot\src\share\vm\prims\jni.cpp, line 710]
Event: 1055.419 Thread 0x000000002637a000 Exception <a 'sun/nio/fs/WindowsException'> (0x00000000e28b9d80) thrown at [C:\src\AOSP-openjdk-git\hotspot\src\share\vm\prims\jni.cpp, line 710]
Event: 1055.420 Thread 0x000000002637a000 Exception <a 'sun/nio/fs/WindowsException'> (0x00000000e28baa28) thrown at [C:\src\AOSP-openjdk-git\hotspot\src\share\vm\prims\jni.cpp, line 710]
Event: 1055.420 Thread 0x000000002637a000 Exception <a 'sun/nio/fs/WindowsException'> (0x00000000e28bb758) thrown at [C:\src\AOSP-openjdk-git\hotspot\src\share\vm\prims\jni.cpp, line 710]
Event: 1055.642 Thread 0x000000002636f800 Exception <a 'sun/nio/fs/WindowsException'> (0x00000000e3888180) thrown at [C:\src\AOSP-openjdk-git\hotspot\src\share\vm\prims\jni.cpp, line 710]

Events (10 events):
Event: 3967.576 Executing VM operation: RevokeBias
Event: 3967.576 Executing VM operation: RevokeBias done
Event: 3967.581 Thread 0x000000001b0ec000 Thread added: 0x000000001b0ec000
Event: 3967.591 Thread 0x000000001b0e7800 Thread added: 0x000000001b0e7800
Event: 3967.597 Thread 0x000000001b0e8800 Thread added: 0x000000001b0e8800
Event: 3967.598 Thread 0x000000001b0e9000 Thread added: 0x000000001b0e9000
Event: 3967.599 Thread 0x000000001b0eb800 Thread added: 0x000000001b0eb800
Event: 3967.613 Thread 0x000000001b0e7000 Thread added: 0x000000001b0e7000
Event: 3967.621 Thread 0x000000001b0f2000 Thread added: 0x000000001b0f2000
Event: 3967.622 Executing VM operation: ParallelGCFailedAllocation


Dynamic libraries:
0x00007ff6b79b0000 - 0x00007ff6b79e1000 	D:\exe_file\AndroidStudio\jre\bin\java.exe
0x00007ff8b0a60000 - 0x00007ff8b0c50000 	C:\WINDOWS\SYSTEM32\ntdll.dll
0x00007ff8b0960000 - 0x00007ff8b0a12000 	C:\WINDOWS\System32\KERNEL32.DLL
0x00007ff8ae5c0000 - 0x00007ff8ae865000 	C:\WINDOWS\System32\KERNELBASE.dll
0x00007ff8af150000 - 0x00007ff8af1f3000 	C:\WINDOWS\System32\ADVAPI32.dll
0x00007ff8afa40000 - 0x00007ff8afade000 	C:\WINDOWS\System32\msvcrt.dll
0x00007ff8aee50000 - 0x00007ff8aeee7000 	C:\WINDOWS\System32\sechost.dll
0x00007ff8afae0000 - 0x00007ff8afc00000 	C:\WINDOWS\System32\RPCRT4.dll
0x00007ff8afcc0000 - 0x00007ff8afe55000 	C:\WINDOWS\System32\USER32.dll
0x00007ff8ae590000 - 0x00007ff8ae5b1000 	C:\WINDOWS\System32\win32u.dll
0x00007ff8af120000 - 0x00007ff8af146000 	C:\WINDOWS\System32\GDI32.dll
0x00007ff8ae870000 - 0x00007ff8aea06000 	C:\WINDOWS\System32\gdi32full.dll
0x00007ff8ada40000 - 0x00007ff8adade000 	C:\WINDOWS\System32\msvcp_win.dll
0x00007ff8aea10000 - 0x00007ff8aeb0a000 	C:\WINDOWS\System32\ucrtbase.dll
0x00007ff89dfd0000 - 0x00007ff89e254000 	C:\WINDOWS\WinSxS\amd64_microsoft.windows.common-controls_6595b64144ccf1df_6.0.18362.1082_none_9e8193e1e45b25c1\COMCTL32.dll
0x00007ff8aeb10000 - 0x00007ff8aee45000 	C:\WINDOWS\System32\combase.dll
0x00007ff8adb90000 - 0x00007ff8adc10000 	C:\WINDOWS\System32\bcryptPrimitives.dll
0x00007ff8b0860000 - 0x00007ff8b088e000 	C:\WINDOWS\System32\IMM32.DLL
0x0000000076820000 - 0x00000000768f2000 	D:\exe_file\AndroidStudio\jre\jre\bin\msvcr100.dll
0x0000000077080000 - 0x00000000778cb000 	D:\exe_file\AndroidStudio\jre\jre\bin\server\jvm.dll
0x00007ff8b07e0000 - 0x00007ff8b07e8000 	C:\WINDOWS\System32\PSAPI.DLL
0x00007ff89ed70000 - 0x00007ff89ed79000 	C:\WINDOWS\SYSTEM32\WSOCK32.dll
0x00007ff8a99d0000 - 0x00007ff8a99f4000 	C:\WINDOWS\SYSTEM32\WINMM.dll
0x00007ff8b05b0000 - 0x00007ff8b061f000 	C:\WINDOWS\System32\WS2_32.dll
0x00007ff8a1520000 - 0x00007ff8a152a000 	C:\WINDOWS\SYSTEM32\VERSION.dll
0x00007ff8a9990000 - 0x00007ff8a99bd000 	C:\WINDOWS\SYSTEM32\WINMMBASE.dll
0x00007ff8ad9f0000 - 0x00007ff8ada3a000 	C:\WINDOWS\System32\cfgmgr32.dll
0x00007ff8a9a30000 - 0x00007ff8a9a3f000 	D:\exe_file\AndroidStudio\jre\jre\bin\verify.dll
0x00007ff89ee20000 - 0x00007ff89ee49000 	D:\exe_file\AndroidStudio\jre\jre\bin\java.dll
0x00007ff8a96d0000 - 0x00007ff8a96e6000 	D:\exe_file\AndroidStudio\jre\jre\bin\zip.dll
0x00007ff8af2d0000 - 0x00007ff8af9b7000 	C:\WINDOWS\System32\SHELL32.dll
0x00007ff8afe80000 - 0x00007ff8aff29000 	C:\WINDOWS\System32\shcore.dll
0x00007ff8adc90000 - 0x00007ff8ae410000 	C:\WINDOWS\System32\windows.storage.dll
0x00007ff8ad9c0000 - 0x00007ff8ad9e3000 	C:\WINDOWS\System32\profapi.dll
0x00007ff8ad930000 - 0x00007ff8ad97a000 	C:\WINDOWS\System32\powrprof.dll
0x00007ff8ad920000 - 0x00007ff8ad930000 	C:\WINDOWS\System32\UMPDC.dll
0x00007ff8b0620000 - 0x00007ff8b0672000 	C:\WINDOWS\System32\shlwapi.dll
0x00007ff8ad980000 - 0x00007ff8ad991000 	C:\WINDOWS\System32\kernel.appcore.dll
0x00007ff8adc70000 - 0x00007ff8adc87000 	C:\WINDOWS\System32\cryptsp.dll
0x00007ff89edb0000 - 0x00007ff89edca000 	D:\exe_file\AndroidStudio\jre\jre\bin\net.dll
0x00007ff8ad170000 - 0x00007ff8ad1d7000 	C:\WINDOWS\system32\mswsock.dll
0x00007ff89ed90000 - 0x00007ff89eda3000 	D:\exe_file\AndroidStudio\jre\jre\bin\nio.dll
0x00007ff89b7a0000 - 0x00007ff89b7c6000 	C:\Users\zpw\.gradle\native\31\windows-amd64\native-platform.dll
0x00007ff8a9a10000 - 0x00007ff8a9a1d000 	D:\exe_file\AndroidStudio\jre\jre\bin\management.dll
0x00007ff8acce0000 - 0x00007ff8acd13000 	C:\WINDOWS\system32\rsaenh.dll
0x00007ff8ae410000 - 0x00007ff8ae436000 	C:\WINDOWS\System32\bcrypt.dll
0x00007ff8ad800000 - 0x00007ff8ad825000 	C:\WINDOWS\SYSTEM32\USERENV.dll
0x00007ff8ad340000 - 0x00007ff8ad34c000 	C:\WINDOWS\SYSTEM32\CRYPTBASE.dll
0x00007ff8ace80000 - 0x00007ff8aceba000 	C:\WINDOWS\SYSTEM32\IPHLPAPI.DLL
0x00007ff8af200000 - 0x00007ff8af208000 	C:\WINDOWS\System32\NSI.dll
0x00007ff8a0010000 - 0x00007ff8a0026000 	C:\WINDOWS\SYSTEM32\dhcpcsvc6.DLL
0x00007ff89fff0000 - 0x00007ff8a000c000 	C:\WINDOWS\SYSTEM32\dhcpcsvc.DLL
0x00007ff8acec0000 - 0x00007ff8acf8b000 	C:\WINDOWS\SYSTEM32\DNSAPI.dll
0x00007ff8ac960000 - 0x00007ff8ac991000 	C:\WINDOWS\SYSTEM32\ntmarta.dll
0x00007ff89b9a0000 - 0x00007ff89bb3c000 	D:\exe_file\AndroidStudio\jre\jre\bin\awt.dll
0x00007ff8b04e0000 - 0x00007ff8b05a5000 	C:\WINDOWS\System32\OLEAUT32.dll
0x00007ff8ab920000 - 0x00007ff8ab94d000 	C:\WINDOWS\SYSTEM32\dwmapi.dll
0x00007ff8a9b00000 - 0x00007ff8aa0c0000 	C:\WINDOWS\SYSTEM32\d2d1.dll
0x00007ff8aaee0000 - 0x00007ff8aaf6f000 	C:\WINDOWS\SYSTEM32\apphelp.dll
0x00007ff8aafe0000 - 0x00007ff8ab079000 	C:\WINDOWS\system32\uxtheme.dll
0x00007ff8ac250000 - 0x00007ff8ac444000 	C:\WINDOWS\SYSTEM32\dbghelp.dll

VM Arguments:
jvm_args: -Xmx2048m -Dfile.encoding=GBK -Duser.country=CN -Duser.language=zh -Duser.variant 
java_command: org.gradle.launcher.daemon.bootstrap.GradleDaemon 6.1.1
java_class_path (initial): C:\Users\zpw\.gradle\wrapper\dists\gradle-6.1.1-all\cfmwm155h49vnt3hynmlrsdst\gradle-6.1.1\lib\gradle-launcher-6.1.1.jar
Launcher Type: SUN_STANDARD

Environment Variables:
JAVA_HOME=D:\exe_file\jdk1.8.0_131
JRE_HOME=D:\exe_file\jre
PATH=C:\ProgramData\Oracle\Java\javapath;C:\Program Files (x86)\Intel\iCLS Client\;C:\Program Files\Intel\iCLS Client\;C:\windows\system32;C:\windows;C:\windows\System32\Wbem;C:\windows\System32\WindowsPowerShell\v1.0\;C:\Program Files (x86)\Intel\Intel(R) Management Engine Components\DAL;C:\Program Files\Intel\Intel(R) Management Engine Components\DAL;C:\Program Files (x86)\Intel\Intel(R) Management Engine Components\IPT;C:\Program Files\Intel\Intel(R) Management Engine Components\IPT;C:\Program Files (x86)\NVIDIA Corporation\PhysX\Common;C:\WINDOWS\system32;C:\WINDOWS;C:\WINDOWS\System32\Wbem;C:\WINDOWS\System32\WindowsPowerShell\v1.0\;C:\WINDOWS\System32\OpenSSH\;F:\SQL Server 2014 64位\120\DTS\Binn\;:\exe_file\SQL\120\Tools\Binn\;D:\exe_file\python\;D:\exe_file\java\bin；;:\exe_file\SQL\120\DTS\Binn\;D:\exe_file\SQL\Client SDK\ODBC\110\Tools\Binn\;E:\SQL\120\Tools\Binn\;E:\SQL\120\Tools\Binn\ManagementStudio\;E:\SQL\120\DTS\Binn\;D:\exe_file\Rational\common;C:\Program Files\MySQL\MySQL Server 8.0\bin;D:\apache-tomcat-8.5.55\bin;D:\apache-tomcat-8.5.55\lib;D:\exe_file\Git\cmd;C:\Users\zpw\AppData\Local\Android\Sdk\platform-tools;C:\Users\zpw\AppData\Local\Android\Sdk\tools;D:\exe_file\matlab2016\runtime\win64;D:\exe_file\matlab2016\bin;D:\exe_file\matlab2016\polyspace\bin;D:\exe_file\matlab2016a\runtime\win64;D:\exe_file\matlab2016a\bin;D:\exe_file\matlab2016a\polyspace\bin;D:\exe_file\python\Scripts\;D:\exe_file\python\;C:\Users\zpw\AppData\Local\Microsoft\WindowsApps;
USERNAME=zpw
OS=Windows_NT
PROCESSOR_IDENTIFIER=Intel64 Family 6 Model 142 Stepping 9, GenuineIntel



---------------  S Y S T E M  ---------------

OS: Windows 10.0 , 64 bit Build 18362 (10.0.18362.1082)

CPU:total 4 (initial active 4) (2 cores per cpu, 2 threads per core) family 6 model 142 stepping 9, cmov, cx8, fxsr, mmx, sse, sse2, sse3, ssse3, sse4.1, sse4.2, popcnt, avx, avx2, aes, clmul, erms, 3dnowpref, lzcnt, ht, tsc, tscinvbit, bmi1, bmi2, adx

Memory: 4k page, physical 12465384k(4205640k free), swap 17970408k(6105452k free)

vm_info: OpenJDK 64-Bit Server VM (25.242-b01) for windows-amd64 JRE (1.8.0_242-release-1644-b01), built by "builder" with MS VC++ 10.0 (VS2010)

time: Sat Sep 19 21:02:37 2020
timezone: 中国标准时间
elapsed time: 3967 seconds (0d 1h 6m 7s)

